[INFO] Scanning for projects...
[INFO] 
[INFO] ---------< com.oracle.hospitality.hdp:services-router-gateway >---------
[INFO] Building services-router-gateway 1.0.0-SNAPSHOT
[INFO]   from pom.xml
[INFO] --------------------------------[ jar ]---------------------------------
[INFO] 
[INFO] --- resources:3.3.1:resources (default-resources) @ services-router-gateway ---
[INFO] Copying 2 resources from src\main\resources to target\classes
[INFO] Copying 1 resource from src\main\resources to target\classes
[INFO] 
[INFO] --- compiler:3.13.0:compile (default-compile) @ services-router-gateway ---
[INFO] Recompiling the module because of changed source code.
[INFO] Compiling 7 source files with javac [debug parameters release 21] to target\classes
[INFO] Annotation processing is enabled because one or more processors were found
  on the class path. A future release of javac may disable annotation processing
  unless at least one processor is specified by name (-processor), or a search
  path is specified (--processor-path, --processor-module-path), or annotation
  processing is enabled explicitly (-proc:only, -proc:full).
  Use -Xlint:-options to suppress this message.
  Use -proc:none to disable annotation processing.
[INFO] -------------------------------------------------------------
[ERROR] COMPILATION ERROR : 
[INFO] -------------------------------------------------------------
[ERROR] /C:/Users/LENOVO/OneDrive/Desktop/project Spring/src/main/java/com/oracle/hospitality/hdp/gateway/filter/RequestInspectionFilter.java:[46,13] cannot find symbol
  symbol: variable thisEnvironment
[ERROR] /C:/Users/LENOVO/OneDrive/Desktop/project Spring/src/main/java/com/oracle/hospitality/hdp/gateway/filter/RequestInspectionFilter.java:[47,13] cannot find symbol
  symbol: variable csrfTokenValidator
[ERROR] /C:/Users/LENOVO/OneDrive/Desktop/project Spring/src/main/java/com/oracle/hospitality/hdp/gateway/filter/RequestInspectionFilter.java:[48,13] cannot find symbol
  symbol: variable csrfConfig
[ERROR] /C:/Users/LENOVO/OneDrive/Desktop/project Spring/src/main/java/com/oracle/hospitality/hdp/gateway/filter/RequestInspectionFilter.java:[110,13] cannot find symbol
  symbol:   variable csrfConfig
  location: class com.oracle.hospitality.hdp.gateway.filter.RequestInspectionFilter
[ERROR] /C:/Users/LENOVO/OneDrive/Desktop/project Spring/src/main/java/com/oracle/hospitality/hdp/gateway/filter/RequestInspectionFilter.java:[114,45] cannot find symbol
  symbol:   variable csrfConfig
  location: class com.oracle.hospitality.hdp.gateway.filter.RequestInspectionFilter
[ERROR] /C:/Users/LENOVO/OneDrive/Desktop/project Spring/src/main/java/com/oracle/hospitality/hdp/gateway/filter/RequestInspectionFilter.java:[123,26] cannot find symbol
  symbol:   variable csrfTokenValidator
  location: class com.oracle.hospitality.hdp.gateway.filter.RequestInspectionFilter
[INFO] 6 errors 
[INFO] -------------------------------------------------------------
[INFO] ------------------------------------------------------------------------
[INFO] BUILD FAILURE
[INFO] ------------------------------------------------------------------------
[INFO] Total time:  10.424 s
[INFO] Finished at: 2026-02-12T16:22:11+05:30
[INFO] ------------------------------------------------------------------------
[ERROR] Failed to execute goal org.apache.maven.plugins:maven-compiler-plugin:3.13.0:compile (default-compile) on project services-router-gateway: Compilation failure: Compilation failure: 
[ERROR] /C:/Users/LENOVO/OneDrive/Desktop/project Spring/src/main/java/com/oracle/hospitality/hdp/gateway/filter/RequestInspectionFilter.java:[46,13] cannot find symbol
[ERROR]   symbol: variable thisEnvironment
[ERROR] /C:/Users/LENOVO/OneDrive/Desktop/project Spring/src/main/java/com/oracle/hospitality/hdp/gateway/filter/RequestInspectionFilter.java:[47,13] cannot find symbol
[ERROR]   symbol: variable csrfTokenValidator
[ERROR] /C:/Users/LENOVO/OneDrive/Desktop/project Spring/src/main/java/com/oracle/hospitality/hdp/gateway/filter/RequestInspectionFilter.java:[48,13] cannot find symbol
[ERROR]   symbol: variable csrfConfig
[ERROR] /C:/Users/LENOVO/OneDrive/Desktop/project Spring/src/main/java/com/oracle/hospitality/hdp/gateway/filter/RequestInspectionFilter.java:[110,13] cannot find symbol
[ERROR]   symbol:   variable csrfConfig
[ERROR]   location: class com.oracle.hospitality.hdp.gateway.filter.RequestInspectionFilter
[ERROR] /C:/Users/LENOVO/OneDrive/Desktop/project Spring/src/main/java/com/oracle/hospitality/hdp/gateway/filter/RequestInspectionFilter.java:[114,45] cannot find symbol
[ERROR]   symbol:   variable csrfConfig
[ERROR]   location: class com.oracle.hospitality.hdp.gateway.filter.RequestInspectionFilter
[ERROR] /C:/Users/LENOVO/OneDrive/Desktop/project Spring/src/main/java/com/oracle/hospitality/hdp/gateway/filter/RequestInspectionFilter.java:[123,26] cannot find symbol
[ERROR]   symbol:   variable csrfTokenValidator
[ERROR]   location: class com.oracle.hospitality.hdp.gateway.filter.RequestInspectionFilter
[ERROR] -> [Help 1]
[ERROR] 
[ERROR] To see the full stack trace of the errors, re-run Maven with the -e switch.
[ERROR] Re-run Maven using the -X switch to enable full debug logging.
[ERROR] 
[ERROR] For more information about the errors and possible solutions, please read the following articles:
[ERROR] [Help 1] http://cwiki.apache.org/confluence/display/MAVEN/MojoFailureException
