-------------------------------------------------------------------------------
Test set: com.oracle.hospitality.hdp.gateway.filter.CsrfProtectionIntegrationTest
-------------------------------------------------------------------------------
Tests run: 11, Failures: 4, Errors: 0, Skipped: 0, Time elapsed: 15.59 s <<< FAILURE! -- in com.oracle.hospitality.hdp.gateway.filter.CsrfProtectionIntegrationTest
com.oracle.hospitality.hdp.gateway.filter.CsrfProtectionIntegrationTest.testGetRequestDoesNotRequireCsrfToken -- Time elapsed: 3.602 s <<< FAILURE!
java.lang.AssertionError: Status expected:<404 NOT_FOUND> but was:<401 UNAUTHORIZED>
	at org.springframework.test.util.AssertionErrors.fail(AssertionErrors.java:61)
	at org.springframework.test.util.AssertionErrors.assertEquals(AssertionErrors.java:128)
	at org.springframework.test.web.reactive.server.StatusAssertions.lambda$assertStatusAndReturn$4(StatusAssertions.java:236)
	at org.springframework.test.web.reactive.server.ExchangeResult.assertWithDiagnostics(ExchangeResult.java:232)
	at org.springframework.test.web.reactive.server.StatusAssertions.assertStatusAndReturn(StatusAssertions.java:236)
	at org.springframework.test.web.reactive.server.StatusAssertions.isNotFound(StatusAssertions.java:153)
	at com.oracle.hospitality.hdp.gateway.filter.CsrfProtectionIntegrationTest.testGetRequestDoesNotRequireCsrfToken(CsrfProtectionIntegrationTest.java:54)
	at java.base/java.lang.reflect.Method.invoke(Method.java:580)
	at java.base/java.util.ArrayList.forEach(ArrayList.java:1596)
	at java.base/java.util.ArrayList.forEach(ArrayList.java:1596)

com.oracle.hospitality.hdp.gateway.filter.CsrfProtectionIntegrationTest.testS2SRequestBypassesCsrf -- Time elapsed: 0.070 s <<< FAILURE!
java.lang.AssertionError: Status expected:<404 NOT_FOUND> but was:<403 FORBIDDEN>
	at org.springframework.test.util.AssertionErrors.fail(AssertionErrors.java:61)
	at org.springframework.test.util.AssertionErrors.assertEquals(AssertionErrors.java:128)
	at org.springframework.test.web.reactive.server.StatusAssertions.lambda$assertStatusAndReturn$4(StatusAssertions.java:236)
	at org.springframework.test.web.reactive.server.ExchangeResult.assertWithDiagnostics(ExchangeResult.java:232)
	at org.springframework.test.web.reactive.server.StatusAssertions.assertStatusAndReturn(StatusAssertions.java:236)
	at org.springframework.test.web.reactive.server.StatusAssertions.isNotFound(StatusAssertions.java:153)
	at com.oracle.hospitality.hdp.gateway.filter.CsrfProtectionIntegrationTest.testS2SRequestBypassesCsrf(CsrfProtectionIntegrationTest.java:117)
	at java.base/java.lang.reflect.Method.invoke(Method.java:580)
	at java.base/java.util.ArrayList.forEach(ArrayList.java:1596)
	at java.base/java.util.ArrayList.forEach(ArrayList.java:1596)

com.oracle.hospitality.hdp.gateway.filter.CsrfProtectionIntegrationTest.testPostRequestWithValidTokenSucceeds -- Time elapsed: 0.104 s <<< FAILURE!
java.lang.AssertionError: Status expected:<404 NOT_FOUND> but was:<403 FORBIDDEN>
	at org.springframework.test.util.AssertionErrors.fail(AssertionErrors.java:61)
	at org.springframework.test.util.AssertionErrors.assertEquals(AssertionErrors.java:128)
	at org.springframework.test.web.reactive.server.StatusAssertions.lambda$assertStatusAndReturn$4(StatusAssertions.java:236)
	at org.springframework.test.web.reactive.server.ExchangeResult.assertWithDiagnostics(ExchangeResult.java:232)
	at org.springframework.test.web.reactive.server.StatusAssertions.assertStatusAndReturn(StatusAssertions.java:236)
	at org.springframework.test.web.reactive.server.StatusAssertions.isNotFound(StatusAssertions.java:153)
	at com.oracle.hospitality.hdp.gateway.filter.CsrfProtectionIntegrationTest.testPostRequestWithValidTokenSucceeds(CsrfProtectionIntegrationTest.java:71)
	at java.base/java.lang.reflect.Method.invoke(Method.java:580)
	at java.base/java.util.ArrayList.forEach(ArrayList.java:1596)
	at java.base/java.util.ArrayList.forEach(ArrayList.java:1596)

com.oracle.hospitality.hdp.gateway.filter.CsrfProtectionIntegrationTest.testOptionsRequestBypassesCsrf -- Time elapsed: 0.111 s <<< FAILURE!
java.lang.AssertionError: Status expected:<404 NOT_FOUND> but was:<401 UNAUTHORIZED>
	at org.springframework.test.util.AssertionErrors.fail(AssertionErrors.java:61)
	at org.springframework.test.util.AssertionErrors.assertEquals(AssertionErrors.java:128)
	at org.springframework.test.web.reactive.server.StatusAssertions.lambda$assertStatusAndReturn$4(StatusAssertions.java:236)
	at org.springframework.test.web.reactive.server.ExchangeResult.assertWithDiagnostics(ExchangeResult.java:232)
	at org.springframework.test.web.reactive.server.StatusAssertions.assertStatusAndReturn(StatusAssertions.java:236)
	at org.springframework.test.web.reactive.server.StatusAssertions.isNotFound(StatusAssertions.java:153)
	at com.oracle.hospitality.hdp.gateway.filter.CsrfProtectionIntegrationTest.testOptionsRequestBypassesCsrf(CsrfProtectionIntegrationTest.java:165)
	at java.base/java.lang.reflect.Method.invoke(Method.java:580)
	at java.base/java.util.ArrayList.forEach(ArrayList.java:1596)
	at java.base/java.util.ArrayList.forEach(ArrayList.java:1596)

