<?xml version="1.0" encoding="UTF-8"?>
<testsuite xmlns:xsi="http://www.w3.org/2001/XMLSchema-instance" xsi:noNamespaceSchemaLocation="https://maven.apache.org/surefire/maven-surefire-plugin/xsd/surefire-test-report.xsd" version="3.0.2" name="com.oracle.hospitality.hdp.gateway.filter.CsrfProtectionIntegrationTest" time="15.586" tests="11" errors="0" skipped="0" failures="4">
  <properties>
[...]
</properties>
  <testcase name="testGetRequestDoesNotRequireCsrfToken" classname="com.oracle.hospitality.hdp.gateway.filter.CsrfProtectionIntegrationTest" time="3.602">
    <failure message="Status expected:&lt;404 NOT_FOUND&gt; but was:&lt;401 UNAUTHORIZED&gt;" type="java.lang.AssertionError"><![CDATA[java.lang.AssertionError: Status expected:<404 NOT_FOUND> but was:<401 UNAUTHORIZED>
	at org.springframework.test.util.AssertionErrors.fail(AssertionErrors.java:61)
	at org.springframework.test.util.AssertionErrors.assertEquals(AssertionErrors.java:128)
	at org.springframework.test.web.reactive.server.StatusAssertions.lambda$assertStatusAndReturn$4(StatusAssertions.java:236)
	at org.springframework.test.web.reactive.server.ExchangeResult.assertWithDiagnostics(ExchangeResult.java:232)
	at org.springframework.test.web.reactive.server.StatusAssertions.assertStatusAndReturn(StatusAssertions.java:236)
	at org.springframework.test.web.reactive.server.StatusAssertions.isNotFound(StatusAssertions.java:153)
	at com.oracle.hospitality.hdp.gateway.filter.CsrfProtectionIntegrationTest.testGetRequestDoesNotRequireCsrfToken(CsrfProtectionIntegrationTest.java:54)
	at java.base/java.lang.reflect.Method.invoke(Method.java:580)
	at java.base/java.util.ArrayList.forEach(ArrayList.java:1596)
	at java.base/java.util.ArrayList.forEach(ArrayList.java:1596)
]]></failure>
    <system-out><![CDATA[16:23:48.473 [main] INFO org.springframework.test.context.support.AnnotationConfigContextLoaderUtils -- Could not detect default configuration classes for test class [com.oracle.hospitality.hdp.gateway.filter.CsrfProtectionIntegrationTest]: CsrfProtectionIntegrationTest does not declare any static, non-private, non-final, nested classes annotated with @Configuration.
16:23:48.597 [main] INFO org.springframework.boot.test.context.SpringBootTestContextBootstrapper -- Found @SpringBootConfiguration com.oracle.hospitality.hdp.gateway.ServicesRouterGatewayApplication for test class com.oracle.hospitality.hdp.gateway.filter.CsrfProtectionIntegrationTest

  .   ____          _            __ _ _
 /\\ / ___'_ __ _ _(_)_ __  __ _ \ \ \ \
( ( )\___ | '_ | '_| | '_ \/ _` | \ \ \ \
 \\/  ___)| |_)| | | | | || (_| |  ) ) ) )
  '  |____| .__|_| |_|_| |_\__, | / / / /
 =========|_|==============|___/=/_/_/_/

 :: Spring Boot ::                (v3.4.0)

2026-02-12 16:23:49 - Starting CsrfProtectionIntegrationTest using Java 21.0.9 with PID 2452 (started by LENOVO in C:\Users\LENOVO\OneDrive\Desktop\project Spring)
2026-02-12 16:23:49 - Running with Spring Boot v3.4.0, Spring v6.2.0
2026-02-12 16:23:49 - The following 1 profile is active: "test"
2026-02-12 16:23:50 - BeanFactory id=08e7bc56-62c6-3f41-bac0-e63554b54d0d
2026-02-12 16:23:50 - Loading public key from: classpath:keys/csrf-public-key.pem
2026-02-12 16:23:50 - Successfully loaded RSA public key for CSRF validation
2026-02-12 16:23:52 - Routes supplied from Gateway Properties: [RouteDefinition{id='example-service', predicates=[PredicateDefinition{name='Path', args={_genkey_0=/api/**}}], filters=[FilterDefinition{name='StripPrefix', args={_genkey_0=1}}], uri=http://localhost:8081, order=0, metadata={}, enabled=true}]
2026-02-12 16:23:54 - Loaded RoutePredicateFactory [After]
2026-02-12 16:23:54 - Loaded RoutePredicateFactory [Before]
2026-02-12 16:23:54 - Loaded RoutePredicateFactory [Between]
2026-02-12 16:23:54 - Loaded RoutePredicateFactory [Cookie]
2026-02-12 16:23:54 - Loaded RoutePredicateFactory [Header]
2026-02-12 16:23:54 - Loaded RoutePredicateFactory [Host]
2026-02-12 16:23:54 - Loaded RoutePredicateFactory [Method]
2026-02-12 16:23:54 - Loaded RoutePredicateFactory [Path]
2026-02-12 16:23:54 - Loaded RoutePredicateFactory [Query]
2026-02-12 16:23:54 - Loaded RoutePredicateFactory [ReadBody]
2026-02-12 16:23:54 - Loaded RoutePredicateFactory [RemoteAddr]
2026-02-12 16:23:54 - Loaded RoutePredicateFactory [XForwardedRemoteAddr]
2026-02-12 16:23:54 - Loaded RoutePredicateFactory [Weight]
2026-02-12 16:23:54 - Loaded RoutePredicateFactory [CloudFoundryRouteService]
2026-02-12 16:23:55 - Exposing 3 endpoints beneath base path '/actuator'
2026-02-12 16:23:58 - Netty started on port 53611 (http)
2026-02-12 16:23:58 - RouteDefinition example-service applying {_genkey_0=/api/**} to Path
2026-02-12 16:23:58 - RouteDefinition example-service applying filter {_genkey_0=1} to StripPrefix
2026-02-12 16:23:58 - RouteDefinition matched: example-service
2026-02-12 16:23:58 - New routes count: 1
2026-02-12 16:23:58 - Started CsrfProtectionIntegrationTest in 9.558 seconds (process running for 10.605)
2026-02-12 16:24:01 - Trying to match using PathMatcherServerWebExchangeMatcher{pattern='/login', method=POST}
2026-02-12 16:24:01 - Request 'GET /api/test' doesn't match 'POST /login'
2026-02-12 16:24:01 - No matches found
2026-02-12 16:24:01 - Request 'GET /api/test' doesn't match 'GET /default-ui.css'
2026-02-12 16:24:01 - Trying to match using PathMatcherServerWebExchangeMatcher{pattern='/login', method=GET}
2026-02-12 16:24:01 - Request 'GET /api/test' doesn't match 'GET /login'
2026-02-12 16:24:01 - No matches found
2026-02-12 16:24:01 - Trying to match using PathMatcherServerWebExchangeMatcher{pattern='/logout', method=GET}
2026-02-12 16:24:01 - Request 'GET /api/test' doesn't match 'GET /logout'
2026-02-12 16:24:01 - No matches found
2026-02-12 16:24:01 - Trying to match using PathMatcherServerWebExchangeMatcher{pattern='/logout', method=POST}
2026-02-12 16:24:01 - Request 'GET /api/test' doesn't match 'POST /logout'
2026-02-12 16:24:01 - No matches found
2026-02-12 16:24:01 - Trying to match using EndpointRequestMatcher includes=[health], excludes=[], includeLinks=false
2026-02-12 16:24:01 - Trying to match using PathMatcherServerWebExchangeMatcher{pattern='/actuator/health/**', method=null}
2026-02-12 16:24:01 - Request 'GET /api/test' doesn't match 'null /actuator/health/**'
2026-02-12 16:24:01 - No matches found
2026-02-12 16:24:01 - Trying to match using AdditionalPathsEndpointServerWebExchangeMatcher endpoints=[health], webServerNamespace=server
2026-02-12 16:24:01 - No matches found
2026-02-12 16:24:01 - Checking authorization on '/api/test' using org.springframework.security.authorization.AuthenticatedReactiveAuthorizationManager@179fe670
2026-02-12 16:24:01 - No SecurityContext found in WebSession: 'org.springframework.web.server.session.InMemoryWebSessionStore$InMemoryWebSession@15ebcc8a'
2026-02-12 16:24:01 - Authorization failed: Access Denied
2026-02-12 16:24:02 - No SecurityContext found in WebSession: 'org.springframework.web.server.session.InMemoryWebSessionStore$InMemoryWebSession@15ebcc8a'
2026-02-12 16:24:02 - Trying to match using MediaTypeRequestMatcher [matchingMediaTypes=[text/html], useEquals=false, ignoredMediaTypes=[*/*]]
2026-02-12 16:24:02 - httpRequestMediaTypes=[*/*]
2026-02-12 16:24:02 - Processing */*
2026-02-12 16:24:02 - Ignoring
2026-02-12 16:24:02 - Did not match any media types
2026-02-12 16:24:02 - Trying to match using OrServerWebExchangeMatcher{matchers=[org.springframework.security.config.web.server.ServerHttpSecurity$HttpBasicSpec$$Lambda/0x000001773a640c98@400e0f7, AndServerWebExchangeMatcher{matchers=[NegatedServerWebExchangeMatcher{matcher=MediaTypeRequestMatcher [matchingMediaTypes=[text/html], useEquals=false, ignoredMediaTypes=[]]}, MediaTypeRequestMatcher [matchingMediaTypes=[application/atom+xml, application/x-www-form-urlencoded, application/json, application/octet-stream, application/xml, multipart/form-data, text/xml], useEquals=false, ignoredMediaTypes=[*/*]]]}]}
2026-02-12 16:24:02 - Trying to match using org.springframework.security.config.web.server.ServerHttpSecurity$HttpBasicSpec$$Lambda/0x000001773a640c98@400e0f7
2026-02-12 16:24:02 - Trying to match using AndServerWebExchangeMatcher{matchers=[NegatedServerWebExchangeMatcher{matcher=MediaTypeRequestMatcher [matchingMediaTypes=[text/html], useEquals=false, ignoredMediaTypes=[]]}, MediaTypeRequestMatcher [matchingMediaTypes=[application/atom+xml, application/x-www-form-urlencoded, application/json, application/octet-stream, application/xml, multipart/form-data, text/xml], useEquals=false, ignoredMediaTypes=[*/*]]]}
2026-02-12 16:24:02 - Trying to match using NegatedServerWebExchangeMatcher{matcher=MediaTypeRequestMatcher [matchingMediaTypes=[text/html], useEquals=false, ignoredMediaTypes=[]]}
2026-02-12 16:24:02 - httpRequestMediaTypes=[*/*]
2026-02-12 16:24:02 - Processing */*
2026-02-12 16:24:02 - text/html .isCompatibleWith */* = true
2026-02-12 16:24:02 - matches = false
2026-02-12 16:24:02 - Did not match
2026-02-12 16:24:02 - No matches found
2026-02-12 16:24:02 - No match found. Using default entry point org.springframework.security.web.server.DelegatingServerAuthenticationEntryPoint@7b9f6c7a
2026-02-12 16:24:02 - Trying to match using org.springframework.security.config.web.server.ServerHttpSecurity$HttpBasicSpec$$Lambda/0x000001773a640c98@400e0f7
2026-02-12 16:24:02 - No match found. Using default entry point org.springframework.security.web.server.authentication.HttpBasicServerAuthenticationEntryPoint@65cc36a
2026-02-12 16:24:02 - Request details for assertion failure:

> GET http://localhost:53611/api/test
> accept-encoding: [gzip]
> host: [localhost:53611]
> accept: [*/*]
> WebTestClient-Request-Id: [1]
> idcs_remote_user: [integrationuser]
> idcs_session_id: [integration-session-123]
> User-Agent: [Integration Test Browser]

No content

< 401 UNAUTHORIZED Unauthorized
< WWW-Authenticate: [Basic realm="Realm"]
< X-Request-Id: [2c78a133-7ab1-4147-9fc9-51d23c51b95a]
< Cache-Control: [no-cache, no-store, max-age=0, must-revalidate]
< Pragma: [no-cache]
< Expires: [0]
< X-Content-Type-Options: [nosniff]
< X-Frame-Options: [DENY]
< X-XSS-Protection: [0]
< Referrer-Policy: [no-referrer]
< content-length: [0]

0 bytes of content (unknown content-type).

]]></system-out>
    <system-err><![CDATA[Mockito is currently self-attaching to enable the inline-mock-maker. This will no longer work in future releases of the JDK. Please add Mockito as an agent to your build what is described in Mockito's documentation: https://javadoc.io/doc/org.mockito/mockito-core/latest/org/mockito/Mockito.html#0.3
WARNING: A Java agent has been loaded dynamically (C:\Users\LENOVO\.m2\repository\net\bytebuddy\byte-buddy-agent\1.15.10\byte-buddy-agent-1.15.10.jar)
WARNING: If a serviceability tool is in use, please run with -XX:+EnableDynamicAgentLoading to hide this warning
WARNING: If a serviceability tool is not in use, please run with -Djdk.instrument.traceUsage for more information
WARNING: Dynamic loading of agents will be disallowed by default in a future release
]]></system-err>
  </testcase>
  <testcase name="testTokenWithWrongUsernameReturns403" classname="com.oracle.hospitality.hdp.gateway.filter.CsrfProtectionIntegrationTest" time="0.663">
    <system-out><![CDATA[2026-02-12 16:24:02 - UI request detected. Validating CSRF.
2026-02-12 16:24:02 - JWT validation failed: JWT signature does not match locally computed signature. JWT validity cannot be asserted and should not be trusted.
]]></system-out>
  </testcase>
  <testcase name="testS2SRequestBypassesCsrf" classname="com.oracle.hospitality.hdp.gateway.filter.CsrfProtectionIntegrationTest" time="0.07">
    <failure message="Status expected:&lt;404 NOT_FOUND&gt; but was:&lt;403 FORBIDDEN&gt;" type="java.lang.AssertionError"><![CDATA[java.lang.AssertionError: Status expected:<404 NOT_FOUND> but was:<403 FORBIDDEN>
	at org.springframework.test.util.AssertionErrors.fail(AssertionErrors.java:61)
	at org.springframework.test.util.AssertionErrors.assertEquals(AssertionErrors.java:128)
	at org.springframework.test.web.reactive.server.StatusAssertions.lambda$assertStatusAndReturn$4(StatusAssertions.java:236)
	at org.springframework.test.web.reactive.server.ExchangeResult.assertWithDiagnostics(ExchangeResult.java:232)
	at org.springframework.test.web.reactive.server.StatusAssertions.assertStatusAndReturn(StatusAssertions.java:236)
	at org.springframework.test.web.reactive.server.StatusAssertions.isNotFound(StatusAssertions.java:153)
	at com.oracle.hospitality.hdp.gateway.filter.CsrfProtectionIntegrationTest.testS2SRequestBypassesCsrf(CsrfProtectionIntegrationTest.java:117)
	at java.base/java.lang.reflect.Method.invoke(Method.java:580)
	at java.base/java.util.ArrayList.forEach(ArrayList.java:1596)
	at java.base/java.util.ArrayList.forEach(ArrayList.java:1596)
]]></failure>
    <system-out><![CDATA[2026-02-12 16:24:02 - Request details for assertion failure:

> POST http://localhost:53611/api/test
> accept-encoding: [gzip]
> user-agent: [ReactorNetty/1.2.0]
> host: [localhost:53611]
> accept: [*/*]
> WebTestClient-Request-Id: [3]
> Authorization: [Bearer s2s-token]
> Content-Type: [application/json]
> Content-Length: [15]

{"test":"data"}

< 403 FORBIDDEN Forbidden
< Content-Type: [text/plain]
< X-Request-Id: [9a749602-7751-479d-aaa9-7c738edd4925]
< Cache-Control: [no-cache, no-store, max-age=0, must-revalidate]
< Pragma: [no-cache]
< Expires: [0]
< X-Content-Type-Options: [nosniff]
< X-Frame-Options: [DENY]
< X-XSS-Protection: [0]
< Referrer-Policy: [no-referrer]
< content-length: [38]

An expected CSRF token cannot be found

]]></system-out>
  </testcase>
  <testcase name="testPostRequestWithoutTokenReturns403" classname="com.oracle.hospitality.hdp.gateway.filter.CsrfProtectionIntegrationTest" time="0.357">
    <system-out><![CDATA[2026-02-12 16:24:03 - UI request detected. Validating CSRF.
]]></system-out>
  </testcase>
  <testcase name="testPostRequestWithValidTokenSucceeds" classname="com.oracle.hospitality.hdp.gateway.filter.CsrfProtectionIntegrationTest" time="0.104">
    <failure message="Status expected:&lt;404 NOT_FOUND&gt; but was:&lt;403 FORBIDDEN&gt;" type="java.lang.AssertionError"><![CDATA[java.lang.AssertionError: Status expected:<404 NOT_FOUND> but was:<403 FORBIDDEN>
	at org.springframework.test.util.AssertionErrors.fail(AssertionErrors.java:61)
	at org.springframework.test.util.AssertionErrors.assertEquals(AssertionErrors.java:128)
	at org.springframework.test.web.reactive.server.StatusAssertions.lambda$assertStatusAndReturn$4(StatusAssertions.java:236)
	at org.springframework.test.web.reactive.server.ExchangeResult.assertWithDiagnostics(ExchangeResult.java:232)
	at org.springframework.test.web.reactive.server.StatusAssertions.assertStatusAndReturn(StatusAssertions.java:236)
	at org.springframework.test.web.reactive.server.StatusAssertions.isNotFound(StatusAssertions.java:153)
	at com.oracle.hospitality.hdp.gateway.filter.CsrfProtectionIntegrationTest.testPostRequestWithValidTokenSucceeds(CsrfProtectionIntegrationTest.java:71)
	at java.base/java.lang.reflect.Method.invoke(Method.java:580)
	at java.base/java.util.ArrayList.forEach(ArrayList.java:1596)
	at java.base/java.util.ArrayList.forEach(ArrayList.java:1596)
]]></failure>
    <system-out><![CDATA[2026-02-12 16:24:03 - UI request detected. Validating CSRF.
2026-02-12 16:24:03 - JWT validation failed: JWT signature does not match locally computed signature. JWT validity cannot be asserted and should not be trusted.
2026-02-12 16:24:03 - Request details for assertion failure:

> POST http://localhost:53611/api/test
> accept-encoding: [gzip]
> host: [localhost:53611]
> accept: [*/*]
> WebTestClient-Request-Id: [5]
> X-CSRF-Token: [eyJhbGciOiJSUzI1NiJ9.eyJpc3MiOiJoZHAtY3NyZi1pc3N1ZXItdGVzdCIsInN1YiI6ImludGVncmF0aW9udXNlciIsInNlc3Npb25faWQiOiJpbnRlZ3JhdGlvbi1zZXNzaW9uLTEyMyIsInVzZXJfYWdlbnRfaGFzaCI6IjNkYmVhYjZmZWRkYjI0NmIwMDVmZTY0OTkyNjJmOTkxYzY3NWU0Y2QzYmFhOTNmNWM4MzllODgwY2Q5NDAyZjEiLCJpYXQiOjE3NzA4OTM2NDMsImV4cCI6MTc3MDg5NDI0MywianRpIjoiMDNmMTNlZmUtYTc2ZC00MDdmLWI3ZmMtYWI1Yjk3NjhiNjNmIn0.p1ymPuU4-V2BhQVVwxiFZvTw2sV4LTt3dF7PnDhbTx-It3qJmBEPFklW-HNVEUHXchFqf1o0U17BASTakOUGDGam-cBTuRYjvn7KE1kmfpbDmY2hiMRry0UI7WQB5I08W2ucwCe4t88zw9vn3PQ1huMOeG-7FJA3l27HV0SrFPpTUaEb476j9ZRM2PoU2I11TuFrAihTQWUV1d7ny8Rpvy_GhMrOQOuIFQltYz3cAa0YZ4_XhLklCJDr_VAw28lJSTOQ-Hk_q_9p31rW6khDy3My_KkG9AlGzxIBOvs3XeZFDrAgdpTXRpITTwFcGty9Yqqt5j3c_zgOPElMIyl4pg]
> idcs_remote_user: [integrationuser]
> idcs_session_id: [integration-session-123]
> User-Agent: [Integration Test Browser]
> Cookie: [session=test]
> Content-Type: [application/json]
> Content-Length: [15]

{"test":"data"}

< 403 FORBIDDEN Forbidden
< Content-Type: [application/json]
< content-length: [121]

{"error":"invalid_csrf_token","message":"Invalid token signature or format","timestamp":"2026-02-12T10:54:03.468291700Z"}

]]></system-out>
  </testcase>
  <testcase name="testDeleteRequestRequiresCsrfToken" classname="com.oracle.hospitality.hdp.gateway.filter.CsrfProtectionIntegrationTest" time="0.034">
    <system-out><![CDATA[2026-02-12 16:24:03 - UI request detected. Validating CSRF.
]]></system-out>
  </testcase>
  <testcase name="testPatchRequestRequiresCsrfToken" classname="com.oracle.hospitality.hdp.gateway.filter.CsrfProtectionIntegrationTest" time="0.105">
    <system-out><![CDATA[2026-02-12 16:24:03 - UI request detected. Validating CSRF.
]]></system-out>
  </testcase>
  <testcase name="testPutRequestRequiresCsrfToken" classname="com.oracle.hospitality.hdp.gateway.filter.CsrfProtectionIntegrationTest" time="0.046">
    <system-out><![CDATA[2026-02-12 16:24:03 - UI request detected. Validating CSRF.
]]></system-out>
  </testcase>
  <testcase name="testOptionsRequestBypassesCsrf" classname="com.oracle.hospitality.hdp.gateway.filter.CsrfProtectionIntegrationTest" time="0.111">
    <failure message="Status expected:&lt;404 NOT_FOUND&gt; but was:&lt;401 UNAUTHORIZED&gt;" type="java.lang.AssertionError"><![CDATA[java.lang.AssertionError: Status expected:<404 NOT_FOUND> but was:<401 UNAUTHORIZED>
	at org.springframework.test.util.AssertionErrors.fail(AssertionErrors.java:61)
	at org.springframework.test.util.AssertionErrors.assertEquals(AssertionErrors.java:128)
	at org.springframework.test.web.reactive.server.StatusAssertions.lambda$assertStatusAndReturn$4(StatusAssertions.java:236)
	at org.springframework.test.web.reactive.server.ExchangeResult.assertWithDiagnostics(ExchangeResult.java:232)
	at org.springframework.test.web.reactive.server.StatusAssertions.assertStatusAndReturn(StatusAssertions.java:236)
	at org.springframework.test.web.reactive.server.StatusAssertions.isNotFound(StatusAssertions.java:153)
	at com.oracle.hospitality.hdp.gateway.filter.CsrfProtectionIntegrationTest.testOptionsRequestBypassesCsrf(CsrfProtectionIntegrationTest.java:165)
	at java.base/java.lang.reflect.Method.invoke(Method.java:580)
	at java.base/java.util.ArrayList.forEach(ArrayList.java:1596)
	at java.base/java.util.ArrayList.forEach(ArrayList.java:1596)
]]></failure>
    <system-out><![CDATA[2026-02-12 16:24:03 - Trying to match using PathMatcherServerWebExchangeMatcher{pattern='/login', method=POST}
2026-02-12 16:24:03 - Request 'OPTIONS /api/test' doesn't match 'POST /login'
2026-02-12 16:24:03 - No matches found
2026-02-12 16:24:03 - Request 'OPTIONS /api/test' doesn't match 'GET /default-ui.css'
2026-02-12 16:24:03 - Trying to match using PathMatcherServerWebExchangeMatcher{pattern='/login', method=GET}
2026-02-12 16:24:03 - Request 'OPTIONS /api/test' doesn't match 'GET /login'
2026-02-12 16:24:03 - No matches found
2026-02-12 16:24:03 - Trying to match using PathMatcherServerWebExchangeMatcher{pattern='/logout', method=GET}
2026-02-12 16:24:03 - Request 'OPTIONS /api/test' doesn't match 'GET /logout'
2026-02-12 16:24:03 - No matches found
2026-02-12 16:24:03 - Trying to match using PathMatcherServerWebExchangeMatcher{pattern='/logout', method=POST}
2026-02-12 16:24:03 - Request 'OPTIONS /api/test' doesn't match 'POST /logout'
2026-02-12 16:24:03 - No matches found
2026-02-12 16:24:03 - Trying to match using EndpointRequestMatcher includes=[health], excludes=[], includeLinks=false
2026-02-12 16:24:03 - Trying to match using PathMatcherServerWebExchangeMatcher{pattern='/actuator/health/**', method=null}
2026-02-12 16:24:03 - Request 'OPTIONS /api/test' doesn't match 'null /actuator/health/**'
2026-02-12 16:24:03 - No matches found
2026-02-12 16:24:03 - Trying to match using AdditionalPathsEndpointServerWebExchangeMatcher endpoints=[health], webServerNamespace=server
2026-02-12 16:24:03 - No matches found
2026-02-12 16:24:03 - Checking authorization on '/api/test' using org.springframework.security.authorization.AuthenticatedReactiveAuthorizationManager@179fe670
2026-02-12 16:24:03 - No SecurityContext found in WebSession: 'org.springframework.web.server.session.InMemoryWebSessionStore$InMemoryWebSession@16036138'
2026-02-12 16:24:03 - Authorization failed: Access Denied
2026-02-12 16:24:03 - No SecurityContext found in WebSession: 'org.springframework.web.server.session.InMemoryWebSessionStore$InMemoryWebSession@16036138'
2026-02-12 16:24:03 - Trying to match using MediaTypeRequestMatcher [matchingMediaTypes=[text/html], useEquals=false, ignoredMediaTypes=[*/*]]
2026-02-12 16:24:03 - httpRequestMediaTypes=[*/*]
2026-02-12 16:24:03 - Processing */*
2026-02-12 16:24:03 - Ignoring
2026-02-12 16:24:03 - Did not match any media types
2026-02-12 16:24:03 - Trying to match using OrServerWebExchangeMatcher{matchers=[org.springframework.security.config.web.server.ServerHttpSecurity$HttpBasicSpec$$Lambda/0x000001773a640c98@400e0f7, AndServerWebExchangeMatcher{matchers=[NegatedServerWebExchangeMatcher{matcher=MediaTypeRequestMatcher [matchingMediaTypes=[text/html], useEquals=false, ignoredMediaTypes=[]]}, MediaTypeRequestMatcher [matchingMediaTypes=[application/atom+xml, application/x-www-form-urlencoded, application/json, application/octet-stream, application/xml, multipart/form-data, text/xml], useEquals=false, ignoredMediaTypes=[*/*]]]}]}
2026-02-12 16:24:03 - Trying to match using org.springframework.security.config.web.server.ServerHttpSecurity$HttpBasicSpec$$Lambda/0x000001773a640c98@400e0f7
2026-02-12 16:24:03 - Trying to match using AndServerWebExchangeMatcher{matchers=[NegatedServerWebExchangeMatcher{matcher=MediaTypeRequestMatcher [matchingMediaTypes=[text/html], useEquals=false, ignoredMediaTypes=[]]}, MediaTypeRequestMatcher [matchingMediaTypes=[application/atom+xml, application/x-www-form-urlencoded, application/json, application/octet-stream, application/xml, multipart/form-data, text/xml], useEquals=false, ignoredMediaTypes=[*/*]]]}
2026-02-12 16:24:03 - Trying to match using NegatedServerWebExchangeMatcher{matcher=MediaTypeRequestMatcher [matchingMediaTypes=[text/html], useEquals=false, ignoredMediaTypes=[]]}
2026-02-12 16:24:03 - httpRequestMediaTypes=[*/*]
2026-02-12 16:24:03 - Processing */*
2026-02-12 16:24:03 - text/html .isCompatibleWith */* = true
2026-02-12 16:24:03 - matches = false
2026-02-12 16:24:03 - Did not match
2026-02-12 16:24:03 - No matches found
2026-02-12 16:24:03 - No match found. Using default entry point org.springframework.security.web.server.DelegatingServerAuthenticationEntryPoint@7b9f6c7a
2026-02-12 16:24:03 - Trying to match using org.springframework.security.config.web.server.ServerHttpSecurity$HttpBasicSpec$$Lambda/0x000001773a640c98@400e0f7
2026-02-12 16:24:03 - No match found. Using default entry point org.springframework.security.web.server.authentication.HttpBasicServerAuthenticationEntryPoint@65cc36a
2026-02-12 16:24:03 - Request details for assertion failure:

> OPTIONS http://localhost:53611/api/test
> accept-encoding: [gzip]
> user-agent: [ReactorNetty/1.2.0]
> host: [localhost:53611]
> accept: [*/*]
> transfer-encoding: [chunked]
> WebTestClient-Request-Id: [9]

No content

< 401 UNAUTHORIZED Unauthorized
< WWW-Authenticate: [Basic realm="Realm"]
< X-Request-Id: [a3c5c098-b2aa-48ce-b13b-31aba82743cb]
< Cache-Control: [no-cache, no-store, max-age=0, must-revalidate]
< Pragma: [no-cache]
< Expires: [0]
< X-Content-Type-Options: [nosniff]
< X-Frame-Options: [DENY]
< X-XSS-Protection: [0]
< Referrer-Policy: [no-referrer]
< content-length: [0]

0 bytes of content (unknown content-type).

]]></system-out>
  </testcase>
  <testcase name="testPostRequestWithExpiredTokenReturns403" classname="com.oracle.hospitality.hdp.gateway.filter.CsrfProtectionIntegrationTest" time="0.056">
    <system-out><![CDATA[2026-02-12 16:24:03 - UI request detected. Validating CSRF.
2026-02-12 16:24:03 - JWT validation failed: JWT signature does not match locally computed signature. JWT validity cannot be asserted and should not be trusted.
]]></system-out>
  </testcase>
  <testcase name="testTokenWithWrongSessionIdReturns403" classname="com.oracle.hospitality.hdp.gateway.filter.CsrfProtectionIntegrationTest" time="0.038">
    <system-out><![CDATA[2026-02-12 16:24:03 - UI request detected. Validating CSRF.
2026-02-12 16:24:03 - JWT validation failed: JWT signature does not match locally computed signature. JWT validity cannot be asserted and should not be trusted.
]]></system-out>
  </testcase>
</testsuite>