<?xml version="1.0" encoding="UTF-8"?>
<testsuite xmlns:xsi="http://www.w3.org/2001/XMLSchema-instance" xsi:noNamespaceSchemaLocation="https://maven.apache.org/surefire/maven-surefire-plugin/xsd/surefire-test-report.xsd" version="3.0.2" name="com.oracle.hospitality.hdp.gateway.filter.RequestInspectionFilterTest" time="1.658" tests="4" errors="1" skipped="0" failures="0">
  <properties>
[...]
</properties>
  <testcase name="testMissingCsrfTokenReturns403" classname="com.oracle.hospitality.hdp.gateway.filter.RequestInspectionFilterTest" time="1.477">
    <error message="&#10;Unnecessary stubbings detected.&#10;Clean &amp; maintainable test code requires zero unnecessary code.&#10;Following stubbings are unnecessary (click to navigate to relevant line of code):&#10;  1. -&gt; at com.oracle.hospitality.hdp.gateway.filter.RequestInspectionFilterTest.setUp(RequestInspectionFilterTest.java:74)&#10;Please remove unnecessary stubbings or use &apos;lenient&apos; strictness. More info: javadoc for UnnecessaryStubbingException class." type="org.mockito.exceptions.misusing.UnnecessaryStubbingException"><![CDATA[org.mockito.exceptions.misusing.UnnecessaryStubbingException: 

Unnecessary stubbings detected.
Clean & maintainable test code requires zero unnecessary code.
Following stubbings are unnecessary (click to navigate to relevant line of code):
  1. -> at com.oracle.hospitality.hdp.gateway.filter.RequestInspectionFilterTest.setUp(RequestInspectionFilterTest.java:74)
Please remove unnecessary stubbings or use 'lenient' strictness. More info: javadoc for UnnecessaryStubbingException class.
	at org.mockito.junit.jupiter.MockitoExtension.afterEach(MockitoExtension.java:197)
	at java.base/java.util.ArrayList.forEach(ArrayList.java:1596)
	at java.base/java.util.ArrayList.forEach(ArrayList.java:1596)
]]></error>
    <system-err><![CDATA[Mockito is currently self-attaching to enable the inline-mock-maker. This will no longer work in future releases of the JDK. Please add Mockito as an agent to your build what is described in Mockito's documentation: https://javadoc.io/doc/org.mockito/mockito-core/latest/org/mockito/Mockito.html#0.3
]]></system-err>
  </testcase>
  <testcase name="testValidTokenProceeds" classname="com.oracle.hospitality.hdp.gateway.filter.RequestInspectionFilterTest" time="0.146"/>
  <testcase name="testSafeMethodsBypassCsrfValidation" classname="com.oracle.hospitality.hdp.gateway.filter.RequestInspectionFilterTest" time="0.006"/>
  <testcase name="testS2SCallBypassesCsrfValidation" classname="com.oracle.hospitality.hdp.gateway.filter.RequestInspectionFilterTest" time="0.005"/>
</testsuite>